<?xml version="1.0" encoding="UTF-8"?>
<!-- Generated by org.testng.reporters.JUnitXMLReporter -->
<testsuite ignored="0" hostname="NazmunS" failures="0" tests="5" name="Default test" time="6.052" errors="0" timestamp="2024-08-07T15:55:59 CDT">
  <testcase classname="testCases.TC_VideoGameAPI" name="test_getAllVideoGames" time="1.74"/>
  <testcase classname="testCases.TC_VideoGameAPI" name="test_addNewVideoGame" time="0.544"/>
  <testcase classname="testCases.TC_VideoGameAPI" name="test_getVideoGame" time="0.617"/>
  <testcase classname="testCases.TC_VideoGameAPI" name="test_UpdateVideoGame" time="0.058"/>
  <testcase classname="testCases.TC_VideoGameAPI" name="test_DeleteVideoGame" time="3.036"/>
</testsuite> <!-- Default test -->
