<?xml version="1.0" encoding="UTF-8"?>
<!-- Generated by org.testng.reporters.JUnitXMLReporter -->
<testsuite ignored="0" hostname="NazmunS" failures="0" tests="5" name="Test" time="3.191" errors="0" timestamp="2024-08-06T15:20:31 CDT">
  <testcase classname="testCases.TC_VideoGameAPI" name="test_getAllVideoGames" time="1.931"/>
  <testcase classname="testCases.TC_VideoGameAPI" name="test_addNewVideoGame" time="0.455"/>
  <testcase classname="testCases.TC_VideoGameAPI" name="test_getVideoGame" time="0.663"/>
  <testcase classname="testCases.TC_VideoGameAPI" name="test_UpdateVideoGame" time="0.067"/>
  <testcase classname="testCases.TC_VideoGameAPI" name="test_DeleteVideoGame" time="0.022"/>
</testsuite> <!-- Test -->
