<?xml version="1.0" encoding="UTF-8"?>
<testng-results ignored="0" total="5" passed="5" failed="0" skipped="0">
  <reporter-output>
  </reporter-output>
  <suite started-at="2024-08-07T15:55:52 CDT" name="Default suite" finished-at="2024-08-07T15:55:59 CDT" duration-ms="6052">
    <groups>
    </groups>
    <test started-at="2024-08-07T15:55:52 CDT" name="Default test" finished-at="2024-08-07T15:55:59 CDT" duration-ms="6052">
      <class name="testCases.TC_VideoGameAPI">
        <test-method signature="test_getAllVideoGames()[pri:1, instance:testCases.TC_VideoGameAPI@3daa422a]" started-at="2024-08-07T15:55:52 CDT" name="test_getAllVideoGames" finished-at="2024-08-07T15:55:54 CDT" duration-ms="1740" status="PASS">
          <reporter-output>
          </reporter-output>
        </test-method> <!-- test_getAllVideoGames -->
        <test-method signature="test_addNewVideoGame()[pri:2, instance:testCases.TC_VideoGameAPI@3daa422a]" started-at="2024-08-07T15:55:54 CDT" name="test_addNewVideoGame" finished-at="2024-08-07T15:55:55 CDT" duration-ms="544" status="PASS">
          <reporter-output>
          </reporter-output>
        </test-method> <!-- test_addNewVideoGame -->
        <test-method signature="test_getVideoGame()[pri:3, instance:testCases.TC_VideoGameAPI@3daa422a]" started-at="2024-08-07T15:55:55 CDT" name="test_getVideoGame" finished-at="2024-08-07T15:55:55 CDT" duration-ms="617" status="PASS">
          <reporter-output>
          </reporter-output>
        </test-method> <!-- test_getVideoGame -->
        <test-method signature="test_UpdateVideoGame()[pri:4, instance:testCases.TC_VideoGameAPI@3daa422a]" started-at="2024-08-07T15:55:55 CDT" name="test_UpdateVideoGame" finished-at="2024-08-07T15:55:55 CDT" duration-ms="58" status="PASS">
          <reporter-output>
          </reporter-output>
        </test-method> <!-- test_UpdateVideoGame -->
        <test-method signature="test_DeleteVideoGame()[pri:5, instance:testCases.TC_VideoGameAPI@3daa422a]" started-at="2024-08-07T15:55:55 CDT" name="test_DeleteVideoGame" finished-at="2024-08-07T15:55:59 CDT" duration-ms="3036" status="PASS">
          <reporter-output>
          </reporter-output>
        </test-method> <!-- test_DeleteVideoGame -->
      </class> <!-- testCases.TC_VideoGameAPI -->
    </test> <!-- Default test -->
  </suite> <!-- Default suite -->
</testng-results>
